        -:    0:Source:s21_strncat.c
        -:    1:#include "s21_string.h"
        -:    2:
        6:    3:char *s21_strncat(char *dest, const char *source, s21_size_t n) {
        6:    4:  s21_size_t destLength = s21_strlen(dest);
        6:    5:  s21_size_t sourceLength = s21_strlen(source);
        -:    6:
        6:    7:  if (sourceLength < n) {
        2:    8:    s21_strncpy(&dest[destLength], source, n);
        -:    9:  } else {
        4:   10:    s21_strncpy(&dest[destLength], source, n);
        4:   11:    dest[destLength + n] = '\0';
        -:   12:  }
        6:   13:  return dest;
        -:   14:}
