        -:    0:Source:s21_strcspn.c
        -:    1:#include "s21_string.h"
        -:    2:
        5:    3:s21_size_t s21_strcspn(const char *str1, const char *str2) {
        5:    4:  const char *p = str1;
        5:    5:  const char *spanp = str2;
        5:    6:  s21_size_t count = 0;
        -:    7:
        5:    8:  if (str1 != S21_NULL && str2 != S21_NULL) {
       22:    9:    while (*p != '\0') {
       19:   10:        spanp = str2;
       30:   11:        while (*spanp != '\0') {
       13:   12:            if (*p == *spanp)
        2:   13:                return count;
       11:   14:            spanp++;
        -:   15:        }
       17:   16:        p++;
       17:   17:        count++;
        -:   18:    }
        -:   19:  }
        3:   20:  return count;
        -:   21:}
        -:   22:
